12:44:34 PM GET /12:45:06 PM GET /12:45:06 PM GET /12:45:06 PM GET /12:45:06 PM GET /12:45:07 PM GET /12:45:07 PM GET /12:45:07 PM GET /12:46:10 PM GET //n12:46:10 PM GET //n12:46:10 PM GET //n12:46:56 PM GET /
12:46:56 PM GET /
12:46:56 PM GET /
12:46:56 PM GET /
12:46:56 PM GET /
12:46:57 PM GET /
12:55:42 PM GET /
12:55:43 PM GET /
12:55:43 PM GET /
12:55:43 PM GET /
12:55:43 PM GET /
2:16:15 PM GET /
2:16:18 PM GET /
2:16:19 PM GET /
2:16:19 PM GET /
2:16:19 PM GET /
2:16:19 PM GET /
2:17:57 PM GET /
2:17:59 PM GET /
2:21:03 PM GET /
2:21:04 PM GET /
2:21:05 PM GET /
2:21:05 PM GET /
2:21:05 PM GET /
2:21:05 PM GET /
2:21:06 PM GET /
2:21:28 PM GET /
2:21:48 PM GET /
2:21:49 PM GET /
2:21:49 PM GET /
2:21:49 PM GET /
2:21:50 PM GET /
2:22:11 PM GET /
2:24:56 PM GET /
2:24:56 PM GET /
2:24:56 PM GET /
2:24:56 PM GET /
2:24:56 PM GET /
2:25:00 PM GET /aboutpage
2:25:05 PM GET /aboutpage
2:25:08 PM GET /
2:25:13 PM GET /aboutpage
2:25:17 PM GET /aboutpage
2:25:18 PM GET /aboutpage
2:25:18 PM GET /aboutpage
2:25:59 PM GET /aboutpage
2:26:01 PM GET /
2:26:03 PM GET /aboutpage
2:26:04 PM GET /
2:26:06 PM GET /aboutpage
2:26:07 PM GET /
2:26:09 PM GET /aboutpage
2:26:10 PM GET /
2:26:11 PM GET /aboutpage
2:26:51 PM GET /aboutpage
2:26:54 PM GET /
2:26:59 PM GET /aboutpage
2:27:00 PM GET /aboutpage
2:27:08 PM GET /aboutpage
2:27:10 PM GET /
2:27:11 PM GET /aboutpage
2:27:17 PM GET /aboutpage/kunal
2:27:19 PM GET /aboutpage/kunal
2:27:20 PM GET /aboutpage/kunal
2:27:20 PM GET /aboutpage/kunal
2:27:20 PM GET /aboutpage/kunal
2:27:25 PM GET /
2:27:42 PM GET /
2:27:44 PM GET /
2:27:44 PM GET /
2:27:44 PM GET /
2:27:44 PM GET /
2:27:44 PM GET /
2:27:44 PM GET /
2:27:48 PM GET /aboutpage
2:27:55 PM GET /aboutpage/kunal
2:28:42 PM GET /aboutpage/kunal
2:28:45 PM GET /aboutpage/
2:29:04 PM GET /aboutpage
2:29:05 PM GET /
2:30:10 PM GET /
2:33:19 PM GET /
2:51:22 PM GET /aboutpage
2:51:23 PM GET /aboutpage
2:51:23 PM GET /aboutpage
2:51:33 PM GET /aboutpage
2:51:34 PM GET /aboutpage
2:51:34 PM GET /aboutpage
2:51:34 PM GET /aboutpage
2:51:35 PM GET /aboutpage
2:51:50 PM GET /aboutpage
2:51:53 PM GET /aboutpage
2:51:54 PM GET /
5:23:04 PM GET /
5:23:04 PM GET /
5:23:04 PM GET /
5:23:04 PM GET /
5:23:07 PM GET /aboutpage
5:23:10 PM GET /aboutpage
5:23:11 PM GET /aboutpage
5:23:11 PM GET /aboutpage
5:28:51 PM GET /
5:28:55 PM GET /aboutpage
5:28:57 PM GET /
